  ConexionBD.cpp
  Empleado1.cpp
C:\Users\mutsu\OneDrive\Escritorio\ParcialOBJ_II\ParcialOBJ_II\Empleado1.h(61,14): warning C4101: 'resultado': variable local sin referencia
C:\Users\mutsu\OneDrive\Escritorio\ParcialOBJ_II\ParcialOBJ_II\Empleado1.h(60,13): warning C4101: 'fila': variable local sin referencia
C:\Users\mutsu\OneDrive\Escritorio\ParcialOBJ_II\ParcialOBJ_II\Empleado1.h(103,14): warning C4101: 'resultado': variable local sin referencia
C:\Users\mutsu\OneDrive\Escritorio\ParcialOBJ_II\ParcialOBJ_II\Empleado1.h(102,13): warning C4101: 'fila': variable local sin referencia
  ParcialOBJ_II.cpp
C:\Users\mutsu\OneDrive\Escritorio\ParcialOBJ_II\ParcialOBJ_II\Empleado1.h(61,14): warning C4101: 'resultado': variable local sin referencia
C:\Users\mutsu\OneDrive\Escritorio\ParcialOBJ_II\ParcialOBJ_II\Empleado1.h(60,13): warning C4101: 'fila': variable local sin referencia
C:\Users\mutsu\OneDrive\Escritorio\ParcialOBJ_II\ParcialOBJ_II\Empleado1.h(103,14): warning C4101: 'resultado': variable local sin referencia
C:\Users\mutsu\OneDrive\Escritorio\ParcialOBJ_II\ParcialOBJ_II\Empleado1.h(102,13): warning C4101: 'fila': variable local sin referencia
C:\Users\mutsu\OneDrive\Escritorio\ParcialOBJ_II\ParcialOBJ_II\puesto.h(31,14): warning C4101: 'resultado': variable local sin referencia
C:\Users\mutsu\OneDrive\Escritorio\ParcialOBJ_II\ParcialOBJ_II\puesto.h(30,13): warning C4101: 'fila': variable local sin referencia
C:\Users\mutsu\OneDrive\Escritorio\ParcialOBJ_II\ParcialOBJ_II\puesto.h(73,14): warning C4101: 'resultado': variable local sin referencia
C:\Users\mutsu\OneDrive\Escritorio\ParcialOBJ_II\ParcialOBJ_II\puesto.h(72,13): warning C4101: 'fila': variable local sin referencia
  Persona.cpp
  puesto.cpp
C:\Users\mutsu\OneDrive\Escritorio\ParcialOBJ_II\ParcialOBJ_II\puesto.h(31,14): warning C4101: 'resultado': variable local sin referencia
C:\Users\mutsu\OneDrive\Escritorio\ParcialOBJ_II\ParcialOBJ_II\puesto.h(30,13): warning C4101: 'fila': variable local sin referencia
C:\Users\mutsu\OneDrive\Escritorio\ParcialOBJ_II\ParcialOBJ_II\puesto.h(73,14): warning C4101: 'resultado': variable local sin referencia
C:\Users\mutsu\OneDrive\Escritorio\ParcialOBJ_II\ParcialOBJ_II\puesto.h(72,13): warning C4101: 'fila': variable local sin referencia
  Generando código
  155 of 156 functions (99.4%) were compiled, the rest were copied from previous compilation.
    146 functions were new in current compilation
    1 functions had inline decision re-evaluated but remain unchanged
  Generación de código finalizada
  ParcialOBJ_II.vcxproj -> C:\Users\mutsu\OneDrive\Escritorio\ParcialOBJ_II\x64\Release\ParcialOBJ_II.exe
